[Wed, 10 Oct 2018 07:59:31 +0700] [::1] [Run-time notices(8192): preg_replace(): The /e modifier is deprecated, use preg_replace_callback instead] [FILE: /includes/class/request.class.php] [LINE: 372]
[Wed, 10 Oct 2018 07:59:31 +0700] [::1] [Run-time notices(8192): preg_replace(): The /e modifier is deprecated, use preg_replace_callback instead] [FILE: /includes/class/request.class.php] [LINE: 393]
[Wed, 10 Oct 2018 07:59:31 +0700] [::1] [Run-time notices(8192): mysql_connect(): The mysql extension is deprecated and will be removed in the future: use mysqli or PDO instead] [FILE: /includes/class/mysql.class.php] [LINE: 101]
[Wed, 10 Oct 2018 08:00:00 +0700] [::1] [Notice(8): Undefined offset: 202] [FILE: /modules/shops/functions.php] [LINE: 143]
[Wed, 10 Oct 2018 08:00:00 +0700] [::1] [Notice(8): Undefined offset: 202] [FILE: /modules/shops/blocks/module.block_catepro1.php] [LINE: 92]
[Wed, 10 Oct 2018 08:00:00 +0700] [::1] [Notice(8): Undefined offset: 202] [FILE: /modules/shops/blocks/module.block_catepro1.php] [LINE: 93]
[Wed, 10 Oct 2018 08:00:00 +0700] [::1] [Notice(8): Undefined offset: 202] [FILE: /modules/shops/blocks/module.block_catepro1.php] [LINE: 94]
[Wed, 10 Oct 2018 08:00:00 +0700] [::1] [Notice(8): Undefined offset: 202] [FILE: /modules/shops/blocks/module.block_catepro1.php] [LINE: 95]
[Wed, 10 Oct 2018 08:00:00 +0700] [::1] [Notice(8): Undefined offset: 202] [FILE: /modules/shops/blocks/module.block_catepro1.php] [LINE: 97]
[Wed, 10 Oct 2018 08:00:00 +0700] [::1] [Notice(8): Undefined offset: 202] [FILE: /modules/shops/blocks/module.block_catepro1.php] [LINE: 98]
[Wed, 10 Oct 2018 08:00:02 +0700] [::1] [Run-time notices(8192): preg_replace(): The /e modifier is deprecated, use preg_replace_callback instead] [FILE: /includes/class/request.class.php] [LINE: 619]
[Wed, 10 Oct 2018 08:00:02 +0700] [::1] [Run-time notices(8192): preg_replace(): The /e modifier is deprecated, use preg_replace_callback instead] [FILE: /includes/class/request.class.php] [LINE: 621]
[Wed, 10 Oct 2018 08:03:20 +0700] [::1] [Warning(2): imagejpeg(): Filename cannot be empty] [FILE: /includes/core/cronjobs.php] [LINE: 83]
[Wed, 10 Oct 2018 08:03:24 +0700] [::1] [Notice(8): Array to string conversion] [FILE: /includes/core/cache_functions.php] [LINE: 99]
[Wed, 10 Oct 2018 08:31:15 +0700] [::1] [Notice(8): Undefined index: fileupload] [FILE: /adminpet/modules/upload/upload.php] [LINE: 22]
[Wed, 10 Oct 2018 08:31:15 +0700] [::1] [Warning(2): preg_replace(): Compilation failed: invalid range in character class at offset 7] [FILE: /includes/class/upload.class.php] [LINE: 929]
[Wed, 10 Oct 2018 09:42:07 +0700] [::1] [Warning(2): getimagesize(C:/xampp/htdocs/uploads/shops/): failed to open stream: No such file or directory] [FILE: /includes/class/image.class.php] [LINE: 132]
[Wed, 10 Oct 2018 09:42:07 +0700] [::1] [Notice(8): Undefined index: src] [FILE: /modules/shops/admin/content.php] [LINE: 244]
[Wed, 10 Oct 2018 09:42:07 +0700] [::1] [Notice(8): Undefined index: src] [FILE: /modules/shops/admin/content.php] [LINE: 254]
[Wed, 10 Oct 2018 09:56:46 +0700] [::1] [Notice(8): Undefined offset: 3] [FILE: /modules/shops/functions.php] [LINE: 127]
[Wed, 10 Oct 2018 10:31:59 +0700] [::1] [Notice(8): Undefined variable: l] [FILE: /modules/shops/functions.php] [LINE: 184]
[Wed, 10 Oct 2018 10:31:59 +0700] [::1] [Notice(8): Undefined index: homeimgthumb] [FILE: /modules/shops/funcs/main.php] [LINE: 64]
[Wed, 10 Oct 2018 10:34:48 +0700] [::1] [Notice(8): Undefined index: homeimgthumb] [FILE: /modules/shops/funcs/detail.php] [LINE: 115]
[Wed, 10 Oct 2018 10:34:48 +0700] [::1] [Notice(8): Undefined index: homeimgthumb] [FILE: /modules/shops/funcs/detail.php] [LINE: 183]
[Wed, 10 Oct 2018 10:38:25 +0700] [::1] [Notice(8): Undefined index: homeimgthumb] [FILE: /modules/shops/funcs/detail.php] [LINE: 184]
[Wed, 10 Oct 2018 14:04:11 +0700] [::1] [Run-time notices(8192): preg_replace(): The /e modifier is deprecated, use preg_replace_callback instead] [FILE: /includes/class/Diagnostic.class.php] [LINE: 442]
[Wed, 10 Oct 2018 15:29:20 +0700] [::1] [Notice(8): Undefined index: id] [FILE: /modules/shops/funcs/loadcart.php] [LINE: 51]
[Wed, 10 Oct 2018 15:29:33 +0700] [::1] [Notice(8): Undefined offset: 1286] [FILE: /modules/shops/funcs/cart.php] [LINE: 25]
[Wed, 10 Oct 2018 15:42:18 +0700] [::1] [Notice(8): Undefined index: keywords] [FILE: /modules/shops/blocks/global.block_catalogs.php] [LINE: 124]
[Wed, 10 Oct 2018 16:01:45 +0700] [::1] [Notice(8): Undefined index: emaillist] [FILE: /modules/shops/admin/email.php] [LINE: 38]
