[Thu, 11 Oct 2018 07:48:20 +0700] [::1] [Run-time notices(8192): preg_replace(): The /e modifier is deprecated, use preg_replace_callback instead] [FILE: /includes/class/request.class.php] [LINE: 372]
[Thu, 11 Oct 2018 07:48:20 +0700] [::1] [Run-time notices(8192): preg_replace(): The /e modifier is deprecated, use preg_replace_callback instead] [FILE: /includes/class/request.class.php] [LINE: 393]
[Thu, 11 Oct 2018 07:48:20 +0700] [::1] [Run-time notices(8192): mysql_connect(): The mysql extension is deprecated and will be removed in the future: use mysqli or PDO instead] [FILE: /includes/class/mysql.class.php] [LINE: 101]
[Thu, 11 Oct 2018 07:48:20 +0700] [::1] [Notice(8): Undefined offset: 202] [FILE: /modules/shops/functions.php] [LINE: 143]
[Thu, 11 Oct 2018 07:48:20 +0700] [::1] [Notice(8): Undefined offset: 202] [FILE: /modules/shops/blocks/module.block_catepro1.php] [LINE: 92]
[Thu, 11 Oct 2018 07:48:20 +0700] [::1] [Notice(8): Undefined offset: 202] [FILE: /modules/shops/blocks/module.block_catepro1.php] [LINE: 93]
[Thu, 11 Oct 2018 07:48:20 +0700] [::1] [Notice(8): Undefined offset: 202] [FILE: /modules/shops/blocks/module.block_catepro1.php] [LINE: 94]
[Thu, 11 Oct 2018 07:48:20 +0700] [::1] [Notice(8): Undefined offset: 202] [FILE: /modules/shops/blocks/module.block_catepro1.php] [LINE: 95]
[Thu, 11 Oct 2018 07:48:20 +0700] [::1] [Notice(8): Undefined offset: 202] [FILE: /modules/shops/blocks/module.block_catepro1.php] [LINE: 97]
[Thu, 11 Oct 2018 07:48:20 +0700] [::1] [Notice(8): Undefined offset: 202] [FILE: /modules/shops/blocks/module.block_catepro1.php] [LINE: 98]
[Thu, 11 Oct 2018 07:48:27 +0700] [::1] [Run-time notices(8192): preg_replace(): The /e modifier is deprecated, use preg_replace_callback instead] [FILE: /includes/class/request.class.php] [LINE: 619]
[Thu, 11 Oct 2018 07:48:27 +0700] [::1] [Run-time notices(8192): preg_replace(): The /e modifier is deprecated, use preg_replace_callback instead] [FILE: /includes/class/request.class.php] [LINE: 621]
[Thu, 11 Oct 2018 07:49:59 +0700] [::1] [Warning(2): imagejpeg(): Filename cannot be empty] [FILE: /includes/core/cronjobs.php] [LINE: 83]
[Thu, 11 Oct 2018 07:50:02 +0700] [::1] [Notice(8): Array to string conversion] [FILE: /includes/core/cache_functions.php] [LINE: 99]
[Thu, 11 Oct 2018 09:14:09 +0700] [::1] [Notice(8): Undefined offset: 3] [FILE: /modules/shops/functions.php] [LINE: 127]
[Thu, 11 Oct 2018 09:48:33 +0700] [::1] [Warning(2): call_user_func() expects parameter 1 to be a valid callback, function 'viewcat_page_gird/page-20' not found or invalid function name] [FILE: /modules/shops/funcs/viewcat.php] [LINE: 345]
[Thu, 11 Oct 2018 09:50:21 +0700] [::1] [Notice(8): Undefined variable: href] [FILE: /modules/shops/global.functions.php] [LINE: 204]
[Thu, 11 Oct 2018 09:57:30 +0700] [::1] [Notice(8): Undefined offset: 2] [FILE: /modules/shops/global.functions.php] [LINE: 210]
[Thu, 11 Oct 2018 10:09:18 +0700] [::1] [Notice(8): Undefined offset: 1] [FILE: /modules/shops/global.functions.php] [LINE: 168]
[Thu, 11 Oct 2018 10:09:18 +0700] [::1] [Notice(8): Undefined offset: 1] [FILE: /modules/shops/global.functions.php] [LINE: 213]
[Thu, 11 Oct 2018 10:09:18 +0700] [::1] [Notice(8): Undefined offset: 1] [FILE: /modules/shops/global.functions.php] [LINE: 267]
[Thu, 11 Oct 2018 10:13:34 +0700] [::1] [Notice(8): Undefined offset: 4] [FILE: /modules/shops/global.functions.php] [LINE: 234]
[Thu, 11 Oct 2018 10:19:37 +0700] [::1] [Warning(2): Cannot modify header information - headers already sent by (output started at C:\xampp\htdocs\modules\shops\blocks\global.block_catalogs.php:130)] [FILE: /includes/header.php] [LINE: 30]
[Thu, 11 Oct 2018 10:19:37 +0700] [::1] [Warning(2): Cannot modify header information - headers already sent by (output started at C:\xampp\htdocs\modules\shops\blocks\global.block_catalogs.php:130)] [FILE: /includes/header.php] [LINE: 31]
[Thu, 11 Oct 2018 10:19:37 +0700] [::1] [Warning(2): Cannot modify header information - headers already sent by (output started at C:\xampp\htdocs\modules\shops\blocks\global.block_catalogs.php:130)] [FILE: /includes/header.php] [LINE: 32]
[Thu, 11 Oct 2018 10:19:37 +0700] [::1] [Warning(2): Cannot modify header information - headers already sent by (output started at C:\xampp\htdocs\modules\shops\blocks\global.block_catalogs.php:130)] [FILE: /includes/header.php] [LINE: 33]
[Thu, 11 Oct 2018 10:19:37 +0700] [::1] [Warning(2): Cannot modify header information - headers already sent by (output started at C:\xampp\htdocs\modules\shops\blocks\global.block_catalogs.php:130)] [FILE: /includes/header.php] [LINE: 38]
[Thu, 11 Oct 2018 10:19:37 +0700] [::1] [Warning(2): Cannot modify header information - headers already sent by (output started at C:\xampp\htdocs\modules\shops\blocks\global.block_catalogs.php:130)] [FILE: /includes/header.php] [LINE: 45]
[Thu, 11 Oct 2018 10:48:35 +0700] [::1] [Notice(8): Undefined variable: so] [FILE: /themes/congnghe/modules/shops/theme.php] [LINE: 262]
[Thu, 11 Oct 2018 11:06:47 +0700] [::1] [Notice(8): Undefined variable: number_result] [FILE: /modules/shops/funcs/search_result.php] [LINE: 310]
[Thu, 11 Oct 2018 11:07:59 +0700] [::1] [Notice(8): Undefined variable: table_search] [FILE: /modules/shops/funcs/search_result.php] [LINE: 298]
[Thu, 11 Oct 2018 11:07:59 +0700] [::1] [Notice(8): Undefined variable: where] [FILE: /modules/shops/funcs/search_result.php] [LINE: 299]
[Thu, 11 Oct 2018 11:11:34 +0700] [::1] [Notice(8): Undefined variable: number_result] [FILE: /modules/shops/funcs/search_result.php] [LINE: 313]
[Thu, 11 Oct 2018 11:16:01 +0700] [::1] [Notice(8): Trying to get property of non-object] [FILE: /modules/shops/funcs/search_result.php] [LINE: 246]
[Thu, 11 Oct 2018 11:19:47 +0700] [::1] [Notice(8): Undefined offset: 209] [FILE: /modules/shops/funcs/search_result.php] [LINE: 295]
[Thu, 11 Oct 2018 11:55:39 +0700] [::1] [Notice(8): Undefined offset: 3] [FILE: /modules/shops/global.functions.php] [LINE: 164]
[Thu, 11 Oct 2018 11:55:39 +0700] [::1] [Notice(8): Undefined offset: 3] [FILE: /modules/shops/global.functions.php] [LINE: 209]
[Thu, 11 Oct 2018 11:55:39 +0700] [::1] [Notice(8): Undefined offset: 3] [FILE: /modules/shops/global.functions.php] [LINE: 263]
[Thu, 11 Oct 2018 12:13:38 +0700] [::1] [Notice(8): Undefined index: id] [FILE: /modules/shops/funcs/loadcart.php] [LINE: 51]
[Thu, 11 Oct 2018 12:28:18 +0700] [::1] [Notice(8): Undefined variable: number_result] [FILE: /themes/congnghe/modules/shops/theme.php] [LINE: 255]
[Thu, 11 Oct 2018 12:55:52 +0700] [::1] [Notice(8): Undefined offset: 209] [FILE: /modules/shops/admin/items.php] [LINE: 234]
[Thu, 11 Oct 2018 12:55:52 +0700] [::1] [Notice(8): Undefined offset: 209] [FILE: /modules/shops/admin/items.php] [LINE: 236]
[Thu, 11 Oct 2018 14:03:20 +0700] [::1] [Run-time notices(8192): preg_replace(): The /e modifier is deprecated, use preg_replace_callback instead] [FILE: /includes/class/Diagnostic.class.php] [LINE: 442]
[Thu, 11 Oct 2018 15:17:51 +0700] [::1] [Notice(8): Undefined index: emaillist] [FILE: /modules/shops/admin/email.php] [LINE: 38]
