[Fri, 12 Oct 2018 07:43:15 +0700] [::1] [Run-time notices(8192): preg_replace(): The /e modifier is deprecated, use preg_replace_callback instead] [FILE: /includes/class/request.class.php] [LINE: 372]
[Fri, 12 Oct 2018 07:43:15 +0700] [::1] [Run-time notices(8192): preg_replace(): The /e modifier is deprecated, use preg_replace_callback instead] [FILE: /includes/class/request.class.php] [LINE: 393]
[Fri, 12 Oct 2018 07:43:15 +0700] [::1] [Run-time notices(8192): mysql_connect(): The mysql extension is deprecated and will be removed in the future: use mysqli or PDO instead] [FILE: /includes/class/mysql.class.php] [LINE: 101]
[Fri, 12 Oct 2018 07:43:30 +0700] [::1] [Run-time notices(8192): preg_replace(): The /e modifier is deprecated, use preg_replace_callback instead] [FILE: /includes/class/request.class.php] [LINE: 619]
[Fri, 12 Oct 2018 07:43:30 +0700] [::1] [Run-time notices(8192): preg_replace(): The /e modifier is deprecated, use preg_replace_callback instead] [FILE: /includes/class/request.class.php] [LINE: 621]
[Fri, 12 Oct 2018 07:43:30 +0700] [::1] [Warning(2): imagejpeg(): Filename cannot be empty] [FILE: /includes/core/cronjobs.php] [LINE: 83]
[Fri, 12 Oct 2018 07:43:33 +0700] [::1] [Notice(8): Array to string conversion] [FILE: /includes/core/cache_functions.php] [LINE: 99]
[Fri, 12 Oct 2018 07:43:35 +0700] [::1] [Notice(8): Undefined offset: 209] [FILE: /modules/shops/admin/items.php] [LINE: 234]
[Fri, 12 Oct 2018 07:43:35 +0700] [::1] [Notice(8): Undefined offset: 209] [FILE: /modules/shops/admin/items.php] [LINE: 236]
[Fri, 12 Oct 2018 08:01:32 +0700] [::1] [Notice(8): Use of undefined constant i - assumed 'i'] [FILE: /modules/shops/admin/content.php] [LINE: 396]
[Fri, 12 Oct 2018 08:41:45 +0700] [::1] [Notice(8): Undefined variable: size] [FILE: /modules/shops/admin/content.php] [LINE: 392]
[Fri, 12 Oct 2018 09:03:41 +0700] [::1] [Notice(8): Undefined variable: pos] [FILE: /modules/shops/admin/content.php] [LINE: 404]
[Fri, 12 Oct 2018 09:05:00 +0700] [::1] [Notice(8): Undefined offset: 3] [FILE: /modules/shops/admin/content.php] [LINE: 433]
[Fri, 12 Oct 2018 09:09:23 +0700] [::1] [Notice(8): Undefined offset: 7] [FILE: /modules/shops/admin/content.php] [LINE: 426]
[Fri, 12 Oct 2018 09:51:44 +0700] [::1] [Notice(8): Undefined offset: 202] [FILE: /modules/shops/functions.php] [LINE: 143]
[Fri, 12 Oct 2018 09:51:44 +0700] [::1] [Notice(8): Undefined offset: 202] [FILE: /modules/shops/blocks/module.block_catepro1.php] [LINE: 92]
[Fri, 12 Oct 2018 09:51:44 +0700] [::1] [Notice(8): Undefined offset: 202] [FILE: /modules/shops/blocks/module.block_catepro1.php] [LINE: 93]
[Fri, 12 Oct 2018 09:51:44 +0700] [::1] [Notice(8): Undefined offset: 202] [FILE: /modules/shops/blocks/module.block_catepro1.php] [LINE: 94]
[Fri, 12 Oct 2018 09:51:44 +0700] [::1] [Notice(8): Undefined offset: 202] [FILE: /modules/shops/blocks/module.block_catepro1.php] [LINE: 95]
[Fri, 12 Oct 2018 09:51:44 +0700] [::1] [Notice(8): Undefined offset: 202] [FILE: /modules/shops/blocks/module.block_catepro1.php] [LINE: 97]
[Fri, 12 Oct 2018 09:51:44 +0700] [::1] [Notice(8): Undefined offset: 202] [FILE: /modules/shops/blocks/module.block_catepro1.php] [LINE: 98]
[Fri, 12 Oct 2018 10:22:49 +0700] [::1] [Notice(8): Undefined variable: db_config] [FILE: /themes/congnghe/modules/shops/theme.php] [LINE: 528]
[Fri, 12 Oct 2018 10:22:49 +0700] [::1] [Notice(8): Undefined variable: db] [FILE: /themes/congnghe/modules/shops/theme.php] [LINE: 529]
[Fri, 12 Oct 2018 10:27:29 +0700] [::1] [Notice(8): Undefined variable: html] [FILE: /themes/congnghe/modules/shops/theme.php] [LINE: 533]
[Fri, 12 Oct 2018 11:14:47 +0700] [::1] [Notice(8): Undefined variable: size_minx] [FILE: /themes/congnghe/modules/shops/theme.php] [LINE: 599]
[Fri, 12 Oct 2018 11:51:48 +0700] [::1] [Notice(8): Undefined index: id] [FILE: /modules/shops/funcs/loadcart.php] [LINE: 51]
[Fri, 12 Oct 2018 13:02:01 +0700] [::1] [Notice(8): Undefined offset: 3] [FILE: /modules/shops/global.functions.php] [LINE: 164]
[Fri, 12 Oct 2018 13:02:01 +0700] [::1] [Notice(8): Undefined offset: 3] [FILE: /modules/shops/global.functions.php] [LINE: 209]
[Fri, 12 Oct 2018 13:02:01 +0700] [::1] [Notice(8): Undefined offset: 3] [FILE: /modules/shops/global.functions.php] [LINE: 263]
[Fri, 12 Oct 2018 13:02:14 +0700] [::1] [Notice(8): Undefined variable: size] [FILE: /modules/shops/funcs/setcart.php] [LINE: 60]
[Fri, 12 Oct 2018 14:40:15 +0700] [::1] [Notice(8): Undefined offset: 932] [FILE: /modules/shops/funcs/cart.php] [LINE: 25]
[Fri, 12 Oct 2018 15:01:31 +0700] [::1] [Run-time notices(8192): preg_replace(): The /e modifier is deprecated, use preg_replace_callback instead] [FILE: /includes/class/Diagnostic.class.php] [LINE: 442]
[Fri, 12 Oct 2018 16:30:00 +0700] [::1] [Notice(8): Undefined variable: size] [FILE: /modules/shops/funcs/order.php] [LINE: 40]
[Fri, 12 Oct 2018 16:30:08 +0700] [::1] [Notice(8): Undefined variable: zsize] [FILE: /modules/shops/funcs/order.php] [LINE: 100]
[Fri, 12 Oct 2018 16:36:55 +0700] [::1] [Notice(8): Undefined variable: size] [FILE: /modules/shops/funcs/order.php] [LINE: 47]
[Fri, 12 Oct 2018 16:36:59 +0700] [::1] [Notice(8): Undefined variable: zsize] [FILE: /modules/shops/funcs/order.php] [LINE: 97]
[Fri, 12 Oct 2018 16:43:00 +0700] [::1] [Notice(8): Undefined offset: 1] [FILE: /modules/shops/global.functions.php] [LINE: 168]
[Fri, 12 Oct 2018 16:43:00 +0700] [::1] [Notice(8): Undefined offset: 1] [FILE: /modules/shops/global.functions.php] [LINE: 213]
[Fri, 12 Oct 2018 16:43:00 +0700] [::1] [Notice(8): Undefined offset: 1] [FILE: /modules/shops/global.functions.php] [LINE: 267]
[Fri, 12 Oct 2018 16:48:45 +0700] [::1] [Notice(8): Undefined variable: size] [FILE: /modules/shops/funcs/order.php] [LINE: 48]
[Fri, 12 Oct 2018 16:50:53 +0700] [::1] [Notice(8): Undefined variable: size] [FILE: /modules/shops/funcs/order.php] [LINE: 45]
[Fri, 12 Oct 2018 16:59:13 +0700] [::1] [Notice(8): Undefined index: size] [FILE: /themes/congnghe/modules/shops/theme.php] [LINE: 951]
[Fri, 12 Oct 2018 17:02:32 +0700] [::1] [Notice(8): Undefined variable: M] [FILE: /modules/shops/funcs/payment.php] [LINE: 56]
