[Sat, 13 Oct 2018 07:40:17 +0700] [::1] [Run-time notices(8192): preg_replace(): The /e modifier is deprecated, use preg_replace_callback instead] [FILE: /includes/class/request.class.php] [LINE: 372]
[Sat, 13 Oct 2018 07:40:17 +0700] [::1] [Run-time notices(8192): preg_replace(): The /e modifier is deprecated, use preg_replace_callback instead] [FILE: /includes/class/request.class.php] [LINE: 393]
[Sat, 13 Oct 2018 07:40:17 +0700] [::1] [Run-time notices(8192): mysql_connect(): The mysql extension is deprecated and will be removed in the future: use mysqli or PDO instead] [FILE: /includes/class/mysql.class.php] [LINE: 101]
[Sat, 13 Oct 2018 07:40:17 +0700] [::1] [Notice(8): Undefined offset: 202] [FILE: /modules/shops/functions.php] [LINE: 143]
[Sat, 13 Oct 2018 07:40:17 +0700] [::1] [Notice(8): Undefined offset: 202] [FILE: /modules/shops/blocks/module.block_catepro1.php] [LINE: 92]
[Sat, 13 Oct 2018 07:40:17 +0700] [::1] [Notice(8): Undefined offset: 202] [FILE: /modules/shops/blocks/module.block_catepro1.php] [LINE: 93]
[Sat, 13 Oct 2018 07:40:17 +0700] [::1] [Notice(8): Undefined offset: 202] [FILE: /modules/shops/blocks/module.block_catepro1.php] [LINE: 94]
[Sat, 13 Oct 2018 07:40:17 +0700] [::1] [Notice(8): Undefined offset: 202] [FILE: /modules/shops/blocks/module.block_catepro1.php] [LINE: 95]
[Sat, 13 Oct 2018 07:40:17 +0700] [::1] [Notice(8): Undefined offset: 202] [FILE: /modules/shops/blocks/module.block_catepro1.php] [LINE: 97]
[Sat, 13 Oct 2018 07:40:17 +0700] [::1] [Notice(8): Undefined offset: 202] [FILE: /modules/shops/blocks/module.block_catepro1.php] [LINE: 98]
[Sat, 13 Oct 2018 07:40:17 +0700] [::1] [Notice(8): Undefined offset: 1] [FILE: /modules/shops/global.functions.php] [LINE: 168]
[Sat, 13 Oct 2018 07:40:17 +0700] [::1] [Notice(8): Undefined offset: 1] [FILE: /modules/shops/global.functions.php] [LINE: 213]
[Sat, 13 Oct 2018 07:40:17 +0700] [::1] [Notice(8): Undefined offset: 1] [FILE: /modules/shops/global.functions.php] [LINE: 267]
[Sat, 13 Oct 2018 07:40:19 +0700] [::1] [Run-time notices(8192): preg_replace(): The /e modifier is deprecated, use preg_replace_callback instead] [FILE: /includes/class/request.class.php] [LINE: 619]
[Sat, 13 Oct 2018 07:40:19 +0700] [::1] [Run-time notices(8192): preg_replace(): The /e modifier is deprecated, use preg_replace_callback instead] [FILE: /includes/class/request.class.php] [LINE: 621]
[Sat, 13 Oct 2018 07:40:54 +0700] [::1] [Notice(8): Undefined index: id] [FILE: /modules/shops/funcs/loadcart.php] [LINE: 51]
[Sat, 13 Oct 2018 07:41:04 +0700] [::1] [Notice(8): Undefined offset: 3] [FILE: /modules/shops/global.functions.php] [LINE: 164]
[Sat, 13 Oct 2018 07:41:04 +0700] [::1] [Notice(8): Undefined offset: 3] [FILE: /modules/shops/global.functions.php] [LINE: 209]
[Sat, 13 Oct 2018 07:41:04 +0700] [::1] [Notice(8): Undefined offset: 3] [FILE: /modules/shops/global.functions.php] [LINE: 263]
[Sat, 13 Oct 2018 07:41:16 +0700] [::1] [Notice(8): Undefined index: keywords] [FILE: /modules/shops/blocks/global.block_catalogs.php] [LINE: 125]
[Sat, 13 Oct 2018 07:42:32 +0700] [::1] [Notice(8): Undefined offset: 32] [FILE: /modules/shops/funcs/cart.php] [LINE: 25]
[Sat, 13 Oct 2018 07:42:40 +0700] [::1] [Notice(8): Undefined index: userid] [FILE: /modules/shops/funcs/order.php] [LINE: 20]
[Sat, 13 Oct 2018 07:44:30 +0700] [::1] [Notice(8): Undefined variable: size] [FILE: /modules/shops/funcs/order.php] [LINE: 45]
[Sat, 13 Oct 2018 09:14:07 +0700] [::1] [Warning(2): imagejpeg(): Filename cannot be empty] [FILE: /includes/core/cronjobs.php] [LINE: 83]
[Sat, 13 Oct 2018 09:14:08 +0700] [::1] [Notice(8): Array to string conversion] [FILE: /includes/core/cache_functions.php] [LINE: 99]
[Sat, 13 Oct 2018 09:53:50 +0700] [::1] [Notice(8): Undefined offset: 209] [FILE: /modules/shops/admin/items.php] [LINE: 234]
[Sat, 13 Oct 2018 09:53:50 +0700] [::1] [Notice(8): Undefined offset: 209] [FILE: /modules/shops/admin/items.php] [LINE: 236]
